[debug] [2025-02-11T06:12:25.288Z] ----------------------------------------------------------------------
[debug] [2025-02-11T06:12:25.289Z] Command:       /Users/newuser/.nvm/versions/node/v22.11.0/bin/node /Users/newuser/.nvm/versions/node/v22.11.0/bin/firebase emulators:start --only functions
[debug] [2025-02-11T06:12:25.290Z] CLI Version:   13.30.0
[debug] [2025-02-11T06:12:25.290Z] Platform:      darwin
[debug] [2025-02-11T06:12:25.290Z] Node Version:  v22.11.0
[debug] [2025-02-11T06:12:25.290Z] Time:          Tue Feb 11 2025 13:12:25 GMT+0700 (Western Indonesia Time)
[debug] [2025-02-11T06:12:25.290Z] ----------------------------------------------------------------------
[debug] 
[debug] [2025-02-11T06:12:25.401Z] > command requires scopes: ["email","openid","https://www.googleapis.com/auth/cloudplatformprojects.readonly","https://www.googleapis.com/auth/firebase","https://www.googleapis.com/auth/cloud-platform"]
[debug] [2025-02-11T06:12:25.401Z] > authorizing via signed-in user (satriyoaji27@gmail.com)
[info] i  emulators: Starting emulators: functions {"metadata":{"emulator":{"name":"hub"},"message":"Starting emulators: functions"}}
[debug] [2025-02-11T06:12:25.584Z] [logging] Logging Emulator only supports listening on one address (127.0.0.1). Not listening on ::1
[debug] [2025-02-11T06:12:25.584Z] assigned listening specs for emulators {"user":{"hub":[{"address":"127.0.0.1","family":"IPv4","port":4400},{"address":"::1","family":"IPv6","port":4400}],"ui":[{"address":"127.0.0.1","family":"IPv4","port":4000},{"address":"::1","family":"IPv6","port":4000}],"logging":[{"address":"127.0.0.1","family":"IPv4","port":4500}]},"metadata":{"message":"assigned listening specs for emulators"}}
[debug] [2025-02-11T06:12:25.587Z] [hub] writing locator at /var/folders/bp/6t7n5xfd18zdhb6g1yfqpx7h0000gn/T/hub-ebuddy-test-be.json
[debug] [2025-02-11T06:12:25.757Z] [functions] Functions Emulator only supports listening on one address (127.0.0.1). Not listening on ::1
[debug] [2025-02-11T06:12:25.757Z] [eventarc] Eventarc Emulator only supports listening on one address (127.0.0.1). Not listening on ::1
[debug] [2025-02-11T06:12:25.757Z] [tasks] Cloud Tasks Emulator only supports listening on one address (127.0.0.1). Not listening on ::1
[debug] [2025-02-11T06:12:25.758Z] late-assigned ports for functions and eventarc emulators {"user":{"hub":[{"address":"127.0.0.1","family":"IPv4","port":4400},{"address":"::1","family":"IPv6","port":4400}],"ui":[{"address":"127.0.0.1","family":"IPv4","port":4000},{"address":"::1","family":"IPv6","port":4000}],"logging":[{"address":"127.0.0.1","family":"IPv4","port":4500}],"functions":[{"address":"127.0.0.1","family":"IPv4","port":5001}],"eventarc":[{"address":"127.0.0.1","family":"IPv4","port":9299}],"tasks":[{"address":"127.0.0.1","family":"IPv4","port":9499}]},"metadata":{"message":"late-assigned ports for functions and eventarc emulators"}}
[warn] ⚠  functions: The following emulators are not running, calls to these services from the Functions emulator will affect production: apphosting, auth, firestore, database, hosting, pubsub, storage, dataconnect {"metadata":{"emulator":{"name":"functions"},"message":"The following emulators are not running, calls to these services from the Functions emulator will affect production: \u001b[1mapphosting, auth, firestore, database, hosting, pubsub, storage, dataconnect\u001b[22m"}}
[debug] [2025-02-11T06:12:25.760Z] defaultcredentials: writing to file /Users/newuser/.config/firebase/satriyoaji27_gmail_com_application_default_credentials.json
[debug] [2025-02-11T06:12:25.761Z] Setting GAC to /Users/newuser/.config/firebase/satriyoaji27_gmail_com_application_default_credentials.json {"metadata":{"emulator":{"name":"functions"},"message":"Setting GAC to /Users/newuser/.config/firebase/satriyoaji27_gmail_com_application_default_credentials.json"}}
[debug] [2025-02-11T06:12:25.762Z] Checked if tokens are valid: true, expires at: 1739257395913
[debug] [2025-02-11T06:12:25.762Z] Checked if tokens are valid: true, expires at: 1739257395913
[debug] [2025-02-11T06:12:25.762Z] >>> [apiv2][query] GET https://firebase.googleapis.com/v1beta1/projects/ebuddy-test-be/adminSdkConfig [none]
[debug] [2025-02-11T06:12:26.975Z] <<< [apiv2][status] GET https://firebase.googleapis.com/v1beta1/projects/ebuddy-test-be/adminSdkConfig 200
[debug] [2025-02-11T06:12:26.976Z] <<< [apiv2][body] GET https://firebase.googleapis.com/v1beta1/projects/ebuddy-test-be/adminSdkConfig {"projectId":"ebuddy-test-be","storageBucket":"ebuddy-test-be.firebasestorage.app"}
[info] i  ui: downloading ui-v1.14.0.zip... {"metadata":{"emulator":{"name":"ui"},"message":"downloading ui-v1.14.0.zip..."}}
[debug] [2025-02-11T06:12:26.996Z] >>> [apiv2][query] GET https://storage.googleapis.com/firebase-preview-drop/emulator/ui-v1.14.0.zip 
[debug] [2025-02-11T06:12:27.353Z] <<< [apiv2][status] GET https://storage.googleapis.com/firebase-preview-drop/emulator/ui-v1.14.0.zip 200
[debug] [2025-02-11T06:12:27.353Z] <<< [apiv2][body] GET https://storage.googleapis.com/firebase-preview-drop/emulator/ui-v1.14.0.zip [stream]
[debug] [2025-02-11T06:12:28.113Z] Data is 3615311
[debug] [2025-02-11T06:12:28.113Z] [unzip] Entry: client/ (compressed_size=0 bytes, uncompressed_size=0 bytes)
[debug] [2025-02-11T06:12:28.113Z] [unzip] Processing entry: client/
[debug] [2025-02-11T06:12:28.113Z] [unzip] mkdir: /Users/newuser/.cache/firebase/emulators/ui-v1.14.0/client/
[debug] [2025-02-11T06:12:28.113Z] [unzip] Entry: client/favicon-16x16.png (compressed_size=293 bytes, uncompressed_size=293 bytes)
[debug] [2025-02-11T06:12:28.113Z] [unzip] Processing entry: client/favicon-16x16.png
[debug] [2025-02-11T06:12:28.113Z] [unzip] else mkdir: /Users/newuser/.cache/firebase/emulators/ui-v1.14.0/client
[debug] [2025-02-11T06:12:28.114Z] [unzip] Writing file: /Users/newuser/.cache/firebase/emulators/ui-v1.14.0/client/favicon-16x16.png
[debug] [2025-02-11T06:12:28.114Z] [unzip] Entry: client/safari-pinned-tab.svg (compressed_size=1433 bytes, uncompressed_size=2611 bytes)
[debug] [2025-02-11T06:12:28.114Z] [unzip] Processing entry: client/safari-pinned-tab.svg
[debug] [2025-02-11T06:12:28.114Z] [unzip] else mkdir: /Users/newuser/.cache/firebase/emulators/ui-v1.14.0/client
[debug] [2025-02-11T06:12:28.114Z] [unzip] deflating: /Users/newuser/.cache/firebase/emulators/ui-v1.14.0/client/safari-pinned-tab.svg
[debug] [2025-02-11T06:12:28.116Z] [unzip] Entry: client/favicon.ico (compressed_size=2933 bytes, uncompressed_size=13294 bytes)
[debug] [2025-02-11T06:12:28.116Z] [unzip] Processing entry: client/favicon.ico
[debug] [2025-02-11T06:12:28.116Z] [unzip] else mkdir: /Users/newuser/.cache/firebase/emulators/ui-v1.14.0/client
[debug] [2025-02-11T06:12:28.116Z] [unzip] deflating: /Users/newuser/.cache/firebase/emulators/ui-v1.14.0/client/favicon.ico
[debug] [2025-02-11T06:12:28.117Z] [unzip] Entry: client/index.html (compressed_size=1363 bytes, uncompressed_size=3071 bytes)
[debug] [2025-02-11T06:12:28.117Z] [unzip] Processing entry: client/index.html
[debug] [2025-02-11T06:12:28.117Z] [unzip] else mkdir: /Users/newuser/.cache/firebase/emulators/ui-v1.14.0/client
[debug] [2025-02-11T06:12:28.117Z] [unzip] deflating: /Users/newuser/.cache/firebase/emulators/ui-v1.14.0/client/index.html
[debug] [2025-02-11T06:12:28.118Z] [unzip] Entry: client/android-chrome-192x192.png (compressed_size=2684 bytes, uncompressed_size=2684 bytes)
[debug] [2025-02-11T06:12:28.118Z] [unzip] Processing entry: client/android-chrome-192x192.png
[debug] [2025-02-11T06:12:28.118Z] [unzip] else mkdir: /Users/newuser/.cache/firebase/emulators/ui-v1.14.0/client
[debug] [2025-02-11T06:12:28.118Z] [unzip] Writing file: /Users/newuser/.cache/firebase/emulators/ui-v1.14.0/client/android-chrome-192x192.png
[debug] [2025-02-11T06:12:28.118Z] [unzip] Entry: client/apple-touch-icon.png (compressed_size=2123 bytes, uncompressed_size=2152 bytes)
[debug] [2025-02-11T06:12:28.118Z] [unzip] Processing entry: client/apple-touch-icon.png
[debug] [2025-02-11T06:12:28.118Z] [unzip] else mkdir: /Users/newuser/.cache/firebase/emulators/ui-v1.14.0/client
[debug] [2025-02-11T06:12:28.118Z] [unzip] deflating: /Users/newuser/.cache/firebase/emulators/ui-v1.14.0/client/apple-touch-icon.png
[debug] [2025-02-11T06:12:28.119Z] [unzip] Entry: client/android-chrome-512x512.png (compressed_size=5369 bytes, uncompressed_size=5411 bytes)
[debug] [2025-02-11T06:12:28.119Z] [unzip] Processing entry: client/android-chrome-512x512.png
[debug] [2025-02-11T06:12:28.119Z] [unzip] else mkdir: /Users/newuser/.cache/firebase/emulators/ui-v1.14.0/client
[debug] [2025-02-11T06:12:28.119Z] [unzip] deflating: /Users/newuser/.cache/firebase/emulators/ui-v1.14.0/client/android-chrome-512x512.png
[debug] [2025-02-11T06:12:28.119Z] [unzip] Entry: client/manifest.json (compressed_size=245 bytes, uncompressed_size=551 bytes)
[debug] [2025-02-11T06:12:28.119Z] [unzip] Processing entry: client/manifest.json
[debug] [2025-02-11T06:12:28.119Z] [unzip] else mkdir: /Users/newuser/.cache/firebase/emulators/ui-v1.14.0/client
[debug] [2025-02-11T06:12:28.119Z] [unzip] deflating: /Users/newuser/.cache/firebase/emulators/ui-v1.14.0/client/manifest.json
[debug] [2025-02-11T06:12:28.120Z] [unzip] Entry: client/robots.txt (compressed_size=26 bytes, uncompressed_size=26 bytes)
[debug] [2025-02-11T06:12:28.120Z] [unzip] Processing entry: client/robots.txt
[debug] [2025-02-11T06:12:28.120Z] [unzip] else mkdir: /Users/newuser/.cache/firebase/emulators/ui-v1.14.0/client
[debug] [2025-02-11T06:12:28.120Z] [unzip] Writing file: /Users/newuser/.cache/firebase/emulators/ui-v1.14.0/client/robots.txt
[debug] [2025-02-11T06:12:28.120Z] [unzip] Entry: client/mstile-150x150.png (compressed_size=2034 bytes, uncompressed_size=2034 bytes)
[debug] [2025-02-11T06:12:28.120Z] [unzip] Processing entry: client/mstile-150x150.png
[debug] [2025-02-11T06:12:28.120Z] [unzip] else mkdir: /Users/newuser/.cache/firebase/emulators/ui-v1.14.0/client
[debug] [2025-02-11T06:12:28.120Z] [unzip] Writing file: /Users/newuser/.cache/firebase/emulators/ui-v1.14.0/client/mstile-150x150.png
[debug] [2025-02-11T06:12:28.120Z] [unzip] Entry: client/assets/ (compressed_size=0 bytes, uncompressed_size=0 bytes)
[debug] [2025-02-11T06:12:28.120Z] [unzip] Processing entry: client/assets/
[debug] [2025-02-11T06:12:28.120Z] [unzip] mkdir: /Users/newuser/.cache/firebase/emulators/ui-v1.14.0/client/assets/
[debug] [2025-02-11T06:12:28.121Z] [unzip] Entry: client/assets/index-ClZTY_JS.js.map (compressed_size=2328270 bytes, uncompressed_size=9947004 bytes)
[debug] [2025-02-11T06:12:28.121Z] [unzip] Processing entry: client/assets/index-ClZTY_JS.js.map
[debug] [2025-02-11T06:12:28.121Z] [unzip] else mkdir: /Users/newuser/.cache/firebase/emulators/ui-v1.14.0/client/assets
[debug] [2025-02-11T06:12:28.121Z] [unzip] deflating: /Users/newuser/.cache/firebase/emulators/ui-v1.14.0/client/assets/index-ClZTY_JS.js.map
[debug] [2025-02-11T06:12:28.150Z] [unzip] Entry: client/assets/index-ClZTY_JS.js (compressed_size=567195 bytes, uncompressed_size=2035940 bytes)
[debug] [2025-02-11T06:12:28.150Z] [unzip] Processing entry: client/assets/index-ClZTY_JS.js
[debug] [2025-02-11T06:12:28.150Z] [unzip] else mkdir: /Users/newuser/.cache/firebase/emulators/ui-v1.14.0/client/assets
[debug] [2025-02-11T06:12:28.150Z] [unzip] deflating: /Users/newuser/.cache/firebase/emulators/ui-v1.14.0/client/assets/index-ClZTY_JS.js
[debug] [2025-02-11T06:12:28.158Z] [unzip] Entry: client/assets/index-BdgySamB.css (compressed_size=35979 bytes, uncompressed_size=298654 bytes)
[debug] [2025-02-11T06:12:28.158Z] [unzip] Processing entry: client/assets/index-BdgySamB.css
[debug] [2025-02-11T06:12:28.158Z] [unzip] else mkdir: /Users/newuser/.cache/firebase/emulators/ui-v1.14.0/client/assets
[debug] [2025-02-11T06:12:28.158Z] [unzip] deflating: /Users/newuser/.cache/firebase/emulators/ui-v1.14.0/client/assets/index-BdgySamB.css
[debug] [2025-02-11T06:12:28.159Z] [unzip] Entry: client/assets/extensions/ (compressed_size=0 bytes, uncompressed_size=0 bytes)
[debug] [2025-02-11T06:12:28.159Z] [unzip] Processing entry: client/assets/extensions/
[debug] [2025-02-11T06:12:28.159Z] [unzip] mkdir: /Users/newuser/.cache/firebase/emulators/ui-v1.14.0/client/assets/extensions/
[debug] [2025-02-11T06:12:28.160Z] [unzip] Entry: client/assets/extensions/default-extension.png (compressed_size=1646 bytes, uncompressed_size=1657 bytes)
[debug] [2025-02-11T06:12:28.160Z] [unzip] Processing entry: client/assets/extensions/default-extension.png
[debug] [2025-02-11T06:12:28.160Z] [unzip] else mkdir: /Users/newuser/.cache/firebase/emulators/ui-v1.14.0/client/assets/extensions
[debug] [2025-02-11T06:12:28.160Z] [unzip] deflating: /Users/newuser/.cache/firebase/emulators/ui-v1.14.0/client/assets/extensions/default-extension.png
[debug] [2025-02-11T06:12:28.160Z] [unzip] Entry: client/assets/img/ (compressed_size=0 bytes, uncompressed_size=0 bytes)
[debug] [2025-02-11T06:12:28.160Z] [unzip] Processing entry: client/assets/img/
[debug] [2025-02-11T06:12:28.160Z] [unzip] mkdir: /Users/newuser/.cache/firebase/emulators/ui-v1.14.0/client/assets/img/
[debug] [2025-02-11T06:12:28.160Z] [unzip] Entry: client/assets/img/database.png (compressed_size=29449 bytes, uncompressed_size=29988 bytes)
[debug] [2025-02-11T06:12:28.160Z] [unzip] Processing entry: client/assets/img/database.png
[debug] [2025-02-11T06:12:28.160Z] [unzip] else mkdir: /Users/newuser/.cache/firebase/emulators/ui-v1.14.0/client/assets/img
[debug] [2025-02-11T06:12:28.160Z] [unzip] deflating: /Users/newuser/.cache/firebase/emulators/ui-v1.14.0/client/assets/img/database.png
[debug] [2025-02-11T06:12:28.160Z] [unzip] Entry: client/assets/provider-icons/ (compressed_size=0 bytes, uncompressed_size=0 bytes)
[debug] [2025-02-11T06:12:28.160Z] [unzip] Processing entry: client/assets/provider-icons/
[debug] [2025-02-11T06:12:28.160Z] [unzip] mkdir: /Users/newuser/.cache/firebase/emulators/ui-v1.14.0/client/assets/provider-icons/
[debug] [2025-02-11T06:12:28.160Z] [unzip] Entry: client/assets/provider-icons/auth_service_saml.svg (compressed_size=575 bytes, uncompressed_size=1226 bytes)
[debug] [2025-02-11T06:12:28.160Z] [unzip] Processing entry: client/assets/provider-icons/auth_service_saml.svg
[debug] [2025-02-11T06:12:28.160Z] [unzip] else mkdir: /Users/newuser/.cache/firebase/emulators/ui-v1.14.0/client/assets/provider-icons
[debug] [2025-02-11T06:12:28.161Z] [unzip] deflating: /Users/newuser/.cache/firebase/emulators/ui-v1.14.0/client/assets/provider-icons/auth_service_saml.svg
[debug] [2025-02-11T06:12:28.161Z] [unzip] Entry: client/assets/provider-icons/auth_service_phone.svg (compressed_size=261 bytes, uncompressed_size=414 bytes)
[debug] [2025-02-11T06:12:28.161Z] [unzip] Processing entry: client/assets/provider-icons/auth_service_phone.svg
[debug] [2025-02-11T06:12:28.161Z] [unzip] else mkdir: /Users/newuser/.cache/firebase/emulators/ui-v1.14.0/client/assets/provider-icons
[debug] [2025-02-11T06:12:28.161Z] [unzip] deflating: /Users/newuser/.cache/firebase/emulators/ui-v1.14.0/client/assets/provider-icons/auth_service_phone.svg
[debug] [2025-02-11T06:12:28.161Z] [unzip] Entry: client/assets/provider-icons/auth_service_facebook.svg (compressed_size=289 bytes, uncompressed_size=457 bytes)
[debug] [2025-02-11T06:12:28.161Z] [unzip] Processing entry: client/assets/provider-icons/auth_service_facebook.svg
[debug] [2025-02-11T06:12:28.161Z] [unzip] else mkdir: /Users/newuser/.cache/firebase/emulators/ui-v1.14.0/client/assets/provider-icons
[debug] [2025-02-11T06:12:28.161Z] [unzip] deflating: /Users/newuser/.cache/firebase/emulators/ui-v1.14.0/client/assets/provider-icons/auth_service_facebook.svg
[debug] [2025-02-11T06:12:28.161Z] [unzip] Entry: client/assets/provider-icons/auth_service_game_center.svg (compressed_size=991 bytes, uncompressed_size=3921 bytes)
[debug] [2025-02-11T06:12:28.161Z] [unzip] Processing entry: client/assets/provider-icons/auth_service_game_center.svg
[debug] [2025-02-11T06:12:28.161Z] [unzip] else mkdir: /Users/newuser/.cache/firebase/emulators/ui-v1.14.0/client/assets/provider-icons
[debug] [2025-02-11T06:12:28.161Z] [unzip] deflating: /Users/newuser/.cache/firebase/emulators/ui-v1.14.0/client/assets/provider-icons/auth_service_game_center.svg
[debug] [2025-02-11T06:12:28.161Z] [unzip] Entry: client/assets/provider-icons/auth_service_apple.svg (compressed_size=230 bytes, uncompressed_size=334 bytes)
[debug] [2025-02-11T06:12:28.162Z] [unzip] Processing entry: client/assets/provider-icons/auth_service_apple.svg
[debug] [2025-02-11T06:12:28.162Z] [unzip] else mkdir: /Users/newuser/.cache/firebase/emulators/ui-v1.14.0/client/assets/provider-icons
[debug] [2025-02-11T06:12:28.162Z] [unzip] deflating: /Users/newuser/.cache/firebase/emulators/ui-v1.14.0/client/assets/provider-icons/auth_service_apple.svg
[debug] [2025-02-11T06:12:28.162Z] [unzip] Entry: client/assets/provider-icons/auth_service_github.svg (compressed_size=466 bytes, uncompressed_size=838 bytes)
[debug] [2025-02-11T06:12:28.162Z] [unzip] Processing entry: client/assets/provider-icons/auth_service_github.svg
[debug] [2025-02-11T06:12:28.162Z] [unzip] else mkdir: /Users/newuser/.cache/firebase/emulators/ui-v1.14.0/client/assets/provider-icons
[debug] [2025-02-11T06:12:28.162Z] [unzip] deflating: /Users/newuser/.cache/firebase/emulators/ui-v1.14.0/client/assets/provider-icons/auth_service_github.svg
[debug] [2025-02-11T06:12:28.162Z] [unzip] Entry: client/assets/provider-icons/auth_service_mslive.svg (compressed_size=203 bytes, uncompressed_size=378 bytes)
[debug] [2025-02-11T06:12:28.162Z] [unzip] Processing entry: client/assets/provider-icons/auth_service_mslive.svg
[debug] [2025-02-11T06:12:28.162Z] [unzip] else mkdir: /Users/newuser/.cache/firebase/emulators/ui-v1.14.0/client/assets/provider-icons
[debug] [2025-02-11T06:12:28.162Z] [unzip] deflating: /Users/newuser/.cache/firebase/emulators/ui-v1.14.0/client/assets/provider-icons/auth_service_mslive.svg
[debug] [2025-02-11T06:12:28.162Z] [unzip] Entry: client/assets/provider-icons/auth_service_yahoo.svg (compressed_size=577 bytes, uncompressed_size=1182 bytes)
[debug] [2025-02-11T06:12:28.162Z] [unzip] Processing entry: client/assets/provider-icons/auth_service_yahoo.svg
[debug] [2025-02-11T06:12:28.162Z] [unzip] else mkdir: /Users/newuser/.cache/firebase/emulators/ui-v1.14.0/client/assets/provider-icons
[debug] [2025-02-11T06:12:28.162Z] [unzip] deflating: /Users/newuser/.cache/firebase/emulators/ui-v1.14.0/client/assets/provider-icons/auth_service_yahoo.svg
[debug] [2025-02-11T06:12:28.163Z] [unzip] Entry: client/assets/provider-icons/auth_service_twitter.svg (compressed_size=444 bytes, uncompressed_size=751 bytes)
[debug] [2025-02-11T06:12:28.163Z] [unzip] Processing entry: client/assets/provider-icons/auth_service_twitter.svg
[debug] [2025-02-11T06:12:28.163Z] [unzip] else mkdir: /Users/newuser/.cache/firebase/emulators/ui-v1.14.0/client/assets/provider-icons
[debug] [2025-02-11T06:12:28.163Z] [unzip] deflating: /Users/newuser/.cache/firebase/emulators/ui-v1.14.0/client/assets/provider-icons/auth_service_twitter.svg
[debug] [2025-02-11T06:12:28.163Z] [unzip] Entry: client/assets/provider-icons/auth_service_play_games.svg (compressed_size=565 bytes, uncompressed_size=1173 bytes)
[debug] [2025-02-11T06:12:28.163Z] [unzip] Processing entry: client/assets/provider-icons/auth_service_play_games.svg
[debug] [2025-02-11T06:12:28.163Z] [unzip] else mkdir: /Users/newuser/.cache/firebase/emulators/ui-v1.14.0/client/assets/provider-icons
[debug] [2025-02-11T06:12:28.163Z] [unzip] deflating: /Users/newuser/.cache/firebase/emulators/ui-v1.14.0/client/assets/provider-icons/auth_service_play_games.svg
[debug] [2025-02-11T06:12:28.163Z] [unzip] Entry: client/assets/provider-icons/auth_service_email.svg (compressed_size=228 bytes, uncompressed_size=326 bytes)
[debug] [2025-02-11T06:12:28.163Z] [unzip] Processing entry: client/assets/provider-icons/auth_service_email.svg
[debug] [2025-02-11T06:12:28.163Z] [unzip] else mkdir: /Users/newuser/.cache/firebase/emulators/ui-v1.14.0/client/assets/provider-icons
[debug] [2025-02-11T06:12:28.163Z] [unzip] deflating: /Users/newuser/.cache/firebase/emulators/ui-v1.14.0/client/assets/provider-icons/auth_service_email.svg
[debug] [2025-02-11T06:12:28.163Z] [unzip] Entry: client/assets/provider-icons/auth_service_google.svg (compressed_size=409 bytes, uncompressed_size=720 bytes)
[debug] [2025-02-11T06:12:28.163Z] [unzip] Processing entry: client/assets/provider-icons/auth_service_google.svg
[debug] [2025-02-11T06:12:28.163Z] [unzip] else mkdir: /Users/newuser/.cache/firebase/emulators/ui-v1.14.0/client/assets/provider-icons
[debug] [2025-02-11T06:12:28.163Z] [unzip] deflating: /Users/newuser/.cache/firebase/emulators/ui-v1.14.0/client/assets/provider-icons/auth_service_google.svg
[debug] [2025-02-11T06:12:28.164Z] [unzip] Entry: client/assets/provider-icons/auth_service_oidc.svg (compressed_size=414 bytes, uncompressed_size=858 bytes)
[debug] [2025-02-11T06:12:28.164Z] [unzip] Processing entry: client/assets/provider-icons/auth_service_oidc.svg
[debug] [2025-02-11T06:12:28.164Z] [unzip] else mkdir: /Users/newuser/.cache/firebase/emulators/ui-v1.14.0/client/assets/provider-icons
[debug] [2025-02-11T06:12:28.164Z] [unzip] deflating: /Users/newuser/.cache/firebase/emulators/ui-v1.14.0/client/assets/provider-icons/auth_service_oidc.svg
[debug] [2025-02-11T06:12:28.164Z] [unzip] Entry: client/browserconfig.xml (compressed_size=491 bytes, uncompressed_size=822 bytes)
[debug] [2025-02-11T06:12:28.164Z] [unzip] Processing entry: client/browserconfig.xml
[debug] [2025-02-11T06:12:28.164Z] [unzip] else mkdir: /Users/newuser/.cache/firebase/emulators/ui-v1.14.0/client
[debug] [2025-02-11T06:12:28.164Z] [unzip] deflating: /Users/newuser/.cache/firebase/emulators/ui-v1.14.0/client/browserconfig.xml
[debug] [2025-02-11T06:12:28.164Z] [unzip] Entry: client/favicon-32x32.png (compressed_size=475 bytes, uncompressed_size=475 bytes)
[debug] [2025-02-11T06:12:28.164Z] [unzip] Processing entry: client/favicon-32x32.png
[debug] [2025-02-11T06:12:28.164Z] [unzip] else mkdir: /Users/newuser/.cache/firebase/emulators/ui-v1.14.0/client
[debug] [2025-02-11T06:12:28.164Z] [unzip] Writing file: /Users/newuser/.cache/firebase/emulators/ui-v1.14.0/client/favicon-32x32.png
[debug] [2025-02-11T06:12:28.164Z] [unzip] Entry: server/ (compressed_size=0 bytes, uncompressed_size=0 bytes)
[debug] [2025-02-11T06:12:28.164Z] [unzip] Processing entry: server/
[debug] [2025-02-11T06:12:28.164Z] [unzip] mkdir: /Users/newuser/.cache/firebase/emulators/ui-v1.14.0/server/
[debug] [2025-02-11T06:12:28.164Z] [unzip] Entry: server/server.mjs.map (compressed_size=296496 bytes, uncompressed_size=1355667 bytes)
[debug] [2025-02-11T06:12:28.164Z] [unzip] Processing entry: server/server.mjs.map
[debug] [2025-02-11T06:12:28.164Z] [unzip] else mkdir: /Users/newuser/.cache/firebase/emulators/ui-v1.14.0/server
[debug] [2025-02-11T06:12:28.164Z] [unzip] deflating: /Users/newuser/.cache/firebase/emulators/ui-v1.14.0/server/server.mjs.map
[debug] [2025-02-11T06:12:28.168Z] [unzip] Entry: server/server.mjs (compressed_size=315701 bytes, uncompressed_size=1172682 bytes)
[debug] [2025-02-11T06:12:28.168Z] [unzip] Processing entry: server/server.mjs
[debug] [2025-02-11T06:12:28.168Z] [unzip] else mkdir: /Users/newuser/.cache/firebase/emulators/ui-v1.14.0/server
[debug] [2025-02-11T06:12:28.168Z] [unzip] deflating: /Users/newuser/.cache/firebase/emulators/ui-v1.14.0/server/server.mjs
[debug] [2025-02-11T06:12:28.171Z] [unzip] Entry: server/assets/ (compressed_size=0 bytes, uncompressed_size=0 bytes)
[debug] [2025-02-11T06:12:28.171Z] [unzip] Processing entry: server/assets/
[debug] [2025-02-11T06:12:28.171Z] [unzip] mkdir: /Users/newuser/.cache/firebase/emulators/ui-v1.14.0/server/assets/
[debug] [2025-02-11T06:12:28.171Z] [unzip] Entry: server/assets/multipart-parser-DGCUZdXu.mjs.map (compressed_size=4791 bytes, uncompressed_size=17918 bytes)
[debug] [2025-02-11T06:12:28.171Z] [unzip] Processing entry: server/assets/multipart-parser-DGCUZdXu.mjs.map
[debug] [2025-02-11T06:12:28.171Z] [unzip] else mkdir: /Users/newuser/.cache/firebase/emulators/ui-v1.14.0/server/assets
[debug] [2025-02-11T06:12:28.171Z] [unzip] deflating: /Users/newuser/.cache/firebase/emulators/ui-v1.14.0/server/assets/multipart-parser-DGCUZdXu.mjs.map
[debug] [2025-02-11T06:12:28.171Z] [unzip] Entry: server/assets/multipart-parser-DGCUZdXu.mjs (compressed_size=2621 bytes, uncompressed_size=10390 bytes)
[debug] [2025-02-11T06:12:28.171Z] [unzip] Processing entry: server/assets/multipart-parser-DGCUZdXu.mjs
[debug] [2025-02-11T06:12:28.171Z] [unzip] else mkdir: /Users/newuser/.cache/firebase/emulators/ui-v1.14.0/server/assets
[debug] [2025-02-11T06:12:28.171Z] [unzip] deflating: /Users/newuser/.cache/firebase/emulators/ui-v1.14.0/server/assets/multipart-parser-DGCUZdXu.mjs
[info] i  functions: Watching "/Users/newuser/Documents/Projects/ebuddy-test/backend-repo/" for Cloud Functions... {"metadata":{"emulator":{"name":"functions"},"message":"Watching \"/Users/newuser/Documents/Projects/ebuddy-test/backend-repo/\" for Cloud Functions..."}}
[error] ⬢  functions: Failed to load function definition from source: FirebaseError: `runtime` field is required but was not found in firebase.json or package.json.
To fix this, add the following lines to the `functions` section of your firebase.json:
"runtime": "nodejs22" or set the "engine" field in package.json
 {"metadata":{"emulator":{"name":"functions"},"message":"Failed to load function definition from source: FirebaseError: `runtime` field is required but was not found in firebase.json or package.json.\nTo fix this, add the following lines to the `functions` section of your firebase.json:\n\"runtime\": \"nodejs22\" or set the \"engine\" field in package.json\n"}}
[debug] [2025-02-11T06:12:28.179Z] Could not find VSCode notification endpoint: FetchError: request to http://localhost:40001/vscode/notify failed, reason: . If you are not running the Firebase Data Connect VSCode extension, this is expected and not an issue.
[info] 
┌─────────────────────────────────────────────────────────────┐
│ ✔  All emulators ready! It is now safe to connect your app. │
│ i  View Emulator UI at http://127.0.0.1:4000/               │
└─────────────────────────────────────────────────────────────┘

┌───────────┬────────────────┬─────────────────────────────────┐
│ Emulator  │ Host:Port      │ View in Emulator UI             │
├───────────┼────────────────┼─────────────────────────────────┤
│ Functions │ 127.0.0.1:5001 │ http://127.0.0.1:4000/functions │
└───────────┴────────────────┴─────────────────────────────────┘
  Emulator Hub running at 127.0.0.1:4400
  Other reserved ports: 4500

Issues? Report them at https://github.com/firebase/firebase-tools/issues and attach the *-debug.log files.
 
